<?xml version="1.0" encoding="UTF-8"?>
<!-- Generated by org.testng.reporters.JUnitReportReporter -->
<testsuite hostname="Vinoth" failures="0" tests="13" name="tests.APITask" time="9.895" errors="0" timestamp="2025-07-13T13:39:49 IST" skipped="0">
  <testcase classname="tests.APITask" name="getUserName_Positive" time="2.912"/>
  <system-out/>
  <testcase classname="tests.APITask" name="createUser_Positive" time="1.411"/>
  <system-out/>
  <testcase classname="tests.APITask" name="updateUser_Positive" time="1.514"/>
  <system-out/>
  <testcase classname="tests.APITask" name="deleteUser_Positive" time="0.494"/>
  <system-out/>
  <testcase classname="tests.APITask" name="getUserName_Negative" time="0.122"/>
  <system-out/>
  <testcase classname="tests.APITask" name="createUser_Negative_EmptyPayload" time="0.719"/>
  <system-out/>
  <testcase classname="tests.APITask" name="updateUser_Negative_InvalidUser" time="0.389"/>
  <system-out/>
  <testcase classname="tests.APITask" name="deleteUser_Negative_InvalidUser" time="0.408"/>
  <system-out/>
  <testcase classname="tests.APITask" name="getUser_InvalidParam" time="0.303"/>
  <system-out/>
  <testcase classname="tests.APITask" name="createUser_MalformedJson" time="0.394"/>
  <system-out/>
  <testcase classname="tests.APITask" name="updateUser_EmptyBody" time="0.433"/>
  <system-out/>
  <testcase classname="tests.APITask" name="deleteUser_InvalidMethod" time="0.405"/>
  <system-out/>
  <testcase classname="tests.APITask" name="createUser_MissingApiKey" time="0.391"/>
  <system-out/>
</testsuite> <!-- tests.APITask -->
