<?xml version="1.0" encoding="UTF-8"?>
<!-- Generated by org.testng.reporters.JUnitReportReporter -->
<testsuite hostname="Vinoth" failures="0" tests="13" name="tests.APITask" time="20.428" errors="0" timestamp="2025-07-14T08:34:28 IST" skipped="0">
  <testcase classname="tests.APITask" name="getUserName_Positive" time="7.516"/>
  <system-out/>
  <testcase classname="tests.APITask" name="createUser_Positive" time="1.782"/>
  <system-out/>
  <testcase classname="tests.APITask" name="updateUser_Positive" time="1.073"/>
  <system-out/>
  <testcase classname="tests.APITask" name="deleteUser_Positive" time="1.496"/>
  <system-out/>
  <testcase classname="tests.APITask" name="getUserName_Negative" time="1.269"/>
  <system-out/>
  <testcase classname="tests.APITask" name="createUser_Negative_EmptyPayload" time="1.046"/>
  <system-out/>
  <testcase classname="tests.APITask" name="updateUser_Negative_InvalidUser" time="1.152"/>
  <system-out/>
  <testcase classname="tests.APITask" name="deleteUser_Negative_InvalidUser" time="1.065"/>
  <system-out/>
  <testcase classname="tests.APITask" name="getUser_InvalidParam" time="0.775"/>
  <system-out/>
  <testcase classname="tests.APITask" name="createUser_MalformedJson" time="1.326"/>
  <system-out/>
  <testcase classname="tests.APITask" name="updateUser_EmptyBody" time="0.671"/>
  <system-out/>
  <testcase classname="tests.APITask" name="deleteUser_InvalidMethod" time="0.618"/>
  <system-out/>
  <testcase classname="tests.APITask" name="createUser_MissingApiKey" time="0.639"/>
  <system-out/>
</testsuite> <!-- tests.APITask -->
